Arguments: 
  /Users/shermanzero/.nvm/versions/node/v13.2.0/bin/node /usr/local/Cellar/yarn/1.19.2/libexec/bin/yarn.js add @types/typescript

PATH: 
  /Volumes/shermanzero/ShermanModBot/node_modules/.bin:/Volumes/shermanzero/node_modules/.bin:/Volumes/node_modules/.bin:/node_modules/.bin:/Users/shermanzero/.nvm/versions/node/v13.2.0/bin:/Users/shermanzero/.nvm/versions/node/v13.2.0/bin:/Users/shermanzero/bin:/usr/local/bin:/usr/local/bin:/usr/bin:/bin:/usr/sbin:/sbin:/usr/local/mysql/bin:/usr/local/share/dotnet:usr/local/mysql/bin:~/.dotnet/tools:/Applications/Server.app/Contents/ServerRoot/usr/bin:/Applications/Server.app/Contents/ServerRoot/usr/sbin:/Library/Frameworks/Mono.framework/Versions/Current/Commands:/Applications/Xamarin Workbooks.app/Contents/SharedSupport/path-bin:/Users/shermanzero/bin

Yarn version: 
  1.19.2

Node version: 
  13.2.0

Platform: 
  darwin x64

Trace: 
  Error: EBUSY: resource busy or locked, unlink '/Volumes/shermanzero/ShermanModBot/node_modules/typescript/loc/lcl/ESN/Targets/TypeScriptCompile.xaml.lcl'

npm manifest: 
  {
    "name": "shermanmodbot",
    "version": "1.0.0",
    "description": "The Discord bot for ShermanZero's server",
    "main": "index.js",
    "dependencies": {
      "colors": "^1.4.0",
      "discord.js": "github:discordjs/discord.js",
      "inversify": "^5.0.1",
      "ncp": "^2.0.0",
      "rimraf": "^3.0.0",
      "typescript": "^3.7.2"
    },
    "devDependencies": {
      "nodemon": "^2.0.1",
      "@types/node": "^12.12.14"
  
    },
    "scripts": {
      "start": "tsc -p . && nodemon ./build/index.js",
      "watch": "tsc -p . -w",
      "tsc": "tsc -p ."
    },
    "repository": {
      "type": "git",
      "url": "git+https://github.com/ShermanZero/ShermanModBot.git"
    },
    "author": "Kieran Sherman",
    "license": "ISC",
    "bugs": {
      "url": "https://github.com/ShermanZero/ShermanModBot/issues"
    },
    "homepage": "https://github.com/ShermanZero/ShermanModBot#readme"
  }

yarn manifest: 
  No manifest

Lockfile: 
  No lockfile
